\BOOKMARK [1][-]{section.1}{\376\377\000C\000\341\000c\000\040\000k\000h\000\341\000i\000\040\000n\000i\036\307\000m\000\040\000\046\000\040\001\021\036\313\000n\000h\000\040\000l\000u\036\255\000t\000\040\000c\001\241\000\040\000b\036\243\000n}{}% 1
\BOOKMARK [2][-]{subsection.1.1}{\376\377\000G\000i\036\333\000i\000\040\000h\036\241\000n\000\040\000v\000\340\000\040\000p\000h\036\241\000m\000\040\000v\000i\000\040\036\351\000n\000g\000\040\000d\036\345\000n\000g\000\040\000c\036\347\000a\000\040\000b\000\340\000i\000\040\000t\000o\000\341\000n\000\040\000m\036\241\000c\000h\000\040}{section.1}% 2
\BOOKMARK [2][-]{subsection.1.2}{\376\377\000C\000\341\000c\000\040\000p\000h\036\247\000n\000\040\000t\036\355\000\040\000m\036\241\000c\000h}{section.1}% 3
\BOOKMARK [3][-]{subsubsection.1.2.1}{\376\377\001\020\000i\036\307\000n\000\040\000t\000r\036\337}{subsection.1.2}% 4
\BOOKMARK [3][-]{subsubsection.1.2.2}{\376\377\001\020\000i\036\307\000n\000\040\000c\036\243\000m}{subsection.1.2}% 5
\BOOKMARK [3][-]{subsubsection.1.2.3}{\376\377\001\020\000i\036\307\000n\000\040\000t\000r\001\260\036\335\000n\000g}{subsection.1.2}% 6
\BOOKMARK [3][-]{subsubsection.1.2.4}{\376\377\000H\036\327\000\040\000c\036\243\000m}{subsection.1.2}% 7
\BOOKMARK [3][-]{subsubsection.1.2.5}{\376\377\000N\000g\000u\036\323\000n\000\040\000\341\000p}{subsection.1.2}% 8
\BOOKMARK [3][-]{subsubsection.1.2.6}{\376\377\000N\000g\000u\036\323\000n\000\040\000d\000\362\000n\000g}{subsection.1.2}% 9
\BOOKMARK [2][-]{subsection.1.3}{\376\377\000C\000\364\000n\000g\000\040\000s\000u\036\245\000t\000\040\000v\000\340\000\040\000n\001\003\000n\000g\000\040\000l\001\260\036\343\000n\000g}{section.1}% 10
\BOOKMARK [3][-]{subsubsection.1.3.1}{\376\377\000C\000\364\000n\000g\000\040\000s\000u\036\245\000t}{subsection.1.3}% 11
\BOOKMARK [3][-]{subsubsection.1.3.2}{\376\377\000N\001\003\000n\000g\000\040\000l\001\260\036\343\000n\000g}{subsection.1.3}% 12
\BOOKMARK [2][-]{subsection.1.4}{\376\377\000C\000\341\000c\000\040\001\021\036\313\000n\000h\000\040\000l\000u\036\255\000t\000\040\000c\001\241\000\040\000b\036\243\000n\000\040\000\046\000\040\000b\000i\036\277\000n\000\040\001\021\036\325\000i\000\040\000t\001\260\001\241\000n\000g\000\040\001\021\001\260\001\241\000n\000g}{section.1}% 13
\BOOKMARK [3][-]{subsubsection.1.4.1}{\376\377\000C\000\341\000c\000\040\000t\000h\000u\036\255\000t\000\040\000n\000g\036\357}{subsection.1.4}% 14
\BOOKMARK [3][-]{subsubsection.1.4.2}{\376\377\001\020\036\313\000n\000h\000\040\000l\000u\036\255\000t\000\040\000K\000i\000r\000c\000h\000h\000o\000f\000f\000\040\0001\000:\000\040\000K\000C\000L\000\040\000\050\000K\000i\000r\000c\000h\000h\000o\000f\000f\000\040\000C\000u\000r\000r\000e\000n\000t\000\040\000L\000a\000w\000\051}{subsection.1.4}% 15
\BOOKMARK [3][-]{subsubsection.1.4.3}{\376\377\001\020\036\313\000n\000h\000\040\000l\000u\036\255\000t\000\040\000K\000i\000r\000c\000h\000h\000o\000f\000f\000\040\0002\000:\000\040\000K\000V\000L\000\040\000\050\000K\000i\000r\000c\000h\000h\000o\000f\000f\000\040\000V\000o\000l\000t\000a\000g\000e\000\040\000L\000a\000w\000\051}{subsection.1.4}% 16
\BOOKMARK [3][-]{subsubsection.1.4.4}{\376\377\000H\036\307\000\040\000P\000T\000\040\000d\000\362\000n\000g\000\040\001\021\000i\036\307\000n\000\040\000n\000h\000\341\000n\000h}{subsection.1.4}% 17
\BOOKMARK [3][-]{subsubsection.1.4.5}{\376\377\000B\000i\036\277\000n\000\040\001\021\036\325\000i\000\040\000n\000g\000u\036\323\000n\000\040\000\341\000p\000\040\000l\000\375\000\040\000t\001\260\036\337\000n\000g\000:}{subsection.1.4}% 18
\BOOKMARK [3][-]{subsubsection.1.4.6}{\376\377\000B\000i\036\277\000n\000\040\001\021\036\325\000i\000\040\000n\000g\000u\036\323\000n\000\040\000d\000\362\000n\000g\000\040\000l\000\375\000\040\000t\001\260\036\337\000n\000g\000:}{subsection.1.4}% 19
\BOOKMARK [3][-]{subsubsection.1.4.7}{\376\377\000B\000i\036\277\000n\000\040\001\021\036\325\000i\000\040\000n\000g\000u\036\323\000n\000\040\000t\000h\036\361\000c\000:}{subsection.1.4}% 20
\BOOKMARK [3][-]{subsubsection.1.4.8}{\376\377\000B\000i\036\277\000n\000\040\001\021\036\325\000i\000\040\001\021\000i\036\307\000n\000\040\000t\000r\036\337\000\040\000n\036\321\000i\000\040\000t\000i\036\277\000p\000:}{subsection.1.4}% 21
\BOOKMARK [3][-]{subsubsection.1.4.9}{\376\377\000B\000i\036\277\000n\000\040\001\021\036\325\000i\000\040\001\021\000i\036\307\000n\000\040\000t\000r\036\337\000\040\000n\036\321\000i\000\040\000t\000i\036\277\000p\000:}{subsection.1.4}% 22
\BOOKMARK [3][-]{subsubsection.1.4.10}{\376\377\000B\000i\036\277\000n\000\040\001\021\036\325\000i\000\040\001\021\000i\036\307\000n\000\040\000t\000r\036\337\000\040\000m\036\257\000c\000\040\000s\000a\000o\000\040\000\040\000t\000a\000m\000\040\000g\000i\000\341\000c\000:}{subsection.1.4}% 23
\BOOKMARK [3][-]{subsubsection.1.4.11}{\376\377\000Q\000u\000y\000\040\000t\036\257\000c\000\040\000p\000h\000\342\000n\000\040\000\341\000p\000:}{subsection.1.4}% 24
\BOOKMARK [3][-]{subsubsection.1.4.12}{\376\377\000Q\000u\000y\000\040\000t\036\257\000c\000\040\000p\000h\000\342\000n\000\040\000d\000\362\000n\000g\000:}{subsection.1.4}% 25
\BOOKMARK [1][-]{section.2}{\376\377\000M\036\241\000c\000h\000\040\000x\000\341\000c\000\040\000l\036\255\000p\000\040\001\021\000i\036\301\000u\000\040\000h\000\362\000a}{}% 26
\BOOKMARK [2][-]{subsection.2.1}{\376\377\000Q\000u\000\341\000\040\000t\000r\000\354\000n\000h\000\040\000t\000u\036\247\000n\000\040\000h\000o\000\340\000n}{section.2}% 27
\BOOKMARK [2][-]{subsection.2.2}{\376\377\000Q\000u\000\341\000\040\000t\000r\000\354\000n\000h\000\040\001\021\000i\036\301\000u\000\040\000h\000\362\000a}{section.2}% 28
\BOOKMARK [2][-]{subsection.2.3}{\376\377\000P\000h\001\260\001\241\000n\000g\000\040\000p\000h\000\341\000p\000\040\000b\000i\000\352\000n\000\040\001\021\036\331\000\040\000p\000h\036\351\000c}{section.2}% 29
\BOOKMARK [2][-]{subsection.2.4}{\376\377\000G\000i\036\243\000i\000\040\000b\000\340\000i\000\040\000t\000o\000\341\000n\000\040\000m\036\241\000c\000h\000\040\000d\000\371\000n\000g\000\040\036\243\000n\000h\000\040\000p\000h\036\351\000c}{section.2}% 30
\BOOKMARK [2][-]{subsection.2.5}{\376\377\000Q\000u\000a\000n\000\040\000h\036\307\000\040\000d\000\362\000n\000g\000\040\000\341\000p\000\040\000t\000r\000\352\000n\000\040\000c\000\341\000c\000\040\000p\000h\036\247\000n\000\040\000t\036\355\000\040\000m\036\241\000c\000h}{section.2}% 31
\BOOKMARK [3][-]{subsubsection.2.5.1}{\376\377\001\020\000i\036\307\000n\000\040\000t\000r\036\337}{subsection.2.5}% 32
\BOOKMARK [3][-]{subsubsection.2.5.2}{\376\377\001\020\000i\036\307\000n\000\040\000c\036\243\000m}{subsection.2.5}% 33
\BOOKMARK [3][-]{subsubsection.2.5.3}{\376\377\001\020\000i\036\307\000n\000\040\000d\000u\000n\000g}{subsection.2.5}% 34
\BOOKMARK [2][-]{subsection.2.6}{\376\377\000C\000\341\000c\000\040\001\021\036\313\000n\000h\000\040\000l\000u\036\255\000t\000\040\000d\036\241\000n\000g\000\040\000m\036\241\000c\000h\000\040\000p\000h\036\351\000c}{section.2}% 35
\BOOKMARK [3][-]{subsubsection.2.6.1}{\376\377\000T\000r\036\337\000\040\000k\000h\000\341\000n\000g\000\040\000\046\000\040\000D\036\253\000n\000\040\000n\036\241\000p}{subsection.2.6}% 36
\BOOKMARK [3][-]{subsubsection.2.6.2}{\376\377\001\020\036\313\000n\000h\000\040\000l\000u\036\255\000t\000\040\000K\000i\000r\000c\000h\000h\000o\000f\000f\000\040\000d\036\241\000n\000g\000\040\000p\000h\036\351\000c}{subsection.2.6}% 37
\BOOKMARK [2][-]{subsection.2.7}{\376\377\000C\000\364\000n\000g\000\040\000s\000u\036\245\000t}{section.2}% 38
\BOOKMARK [3][-]{subsubsection.2.7.1}{\376\377\000C\000\364\000n\000g\000\040\000s\000u\036\245\000t\000\040\000t\000\341\000c\000\040\000d\036\345\000n\000g\000\040\000\046\000\040\000C\000\364\000n\000g\000\040\000s\000u\036\245\000t\000\040\000p\000h\036\243\000n\000\040\000k\000h\000\341\000n\000g}{subsection.2.7}% 39
\BOOKMARK [3][-]{subsubsection.2.7.2}{\376\377\000C\000\364\000n\000g\000\040\000s\000u\036\245\000t\000\040\000t\000r\000\352\000n\000\040\000c\000\341\000c\000\040\000p\000h\036\247\000n\000\040\000t\036\355\000\040\000m\036\241\000c\000h}{subsection.2.7}% 40
\BOOKMARK [3][-]{subsubsection.2.7.3}{\376\377\000C\000\364\000n\000g\000\040\000s\000u\036\245\000t\000\040\000b\000i\036\303\000u\000\040\000k\000i\036\277\000n\000\040\000\050\000A\000p\000p\000a\000r\000e\000n\000t\000\040\000P\000o\000w\000e\000r\000\051}{subsection.2.7}% 41
\BOOKMARK [3][-]{subsubsection.2.7.4}{\376\377\000N\000g\000u\000y\000\352\000n\000\040\000l\000\375\000\040\000c\000\342\000n\000\040\000b\036\261\000n\000g\000\040\000c\000\364\000n\000g\000\040\000s\000u\036\245\000t}{subsection.2.7}% 42
\BOOKMARK [2][-]{subsection.2.8}{\376\377\000H\036\307\000\040\000s\036\321\000\040\000c\000\364\000n\000g\000\040\000s\000u\036\245\000t\000\040\000v\000\340\000\040\000c\000\341\000c\000h\000\040\000h\000i\036\307\000u\000\040\000c\000h\036\311\000n\000h}{section.2}% 43
\BOOKMARK [3][-]{subsubsection.2.8.1}{\376\377\000H\000i\036\307\000u\000\040\000c\000h\036\311\000n\000h\000\040\000h\036\307\000\040\000s\036\321\000\040\000c\000\364\000n\000g\000\040\000s\000u\036\245\000t}{subsection.2.8}% 44
\BOOKMARK [3][-]{subsubsection.2.8.2}{\376\377\001\020\000o\000\040\000c\000\364\000n\000g\000\040\000s\000u\036\245\000t}{subsection.2.8}% 45
\BOOKMARK [2][-]{subsection.2.9}{\376\377\000P\000h\036\321\000i\000\040\000h\036\343\000p\000\040\000t\000r\036\337\000\040\000k\000h\000\341\000n\000g}{section.2}% 46
\BOOKMARK [2][-]{subsection.2.10}{\376\377\000M\036\241\000c\000h\000\040\000c\036\331\000n\000g\000\040\000h\001\260\036\337\000n\000g}{section.2}% 47
\BOOKMARK [3][-]{subsubsection.2.10.1}{\376\377\000M\036\241\000c\000h\000\040\000c\036\331\000n\000g\000\040\000h\001\260\036\337\000n\000g\000\040\000n\036\321\000i\000\040\000t\000i\036\277\000p}{subsection.2.10}% 48
\BOOKMARK [3][-]{subsubsection.2.10.2}{\376\377\000M\036\241\000c\000h\000\040\000c\036\331\000n\000g\000\040\000h\001\260\036\337\000n\000g\000\040\000s\000o\000n\000g\000\040\000s\000o\000n\000g}{subsection.2.10}% 49
\BOOKMARK [1][-]{section.3}{\376\377\000C\000\341\000c\000\040\000P\000P\000\040\000p\000h\000\342\000n\000\040\000t\000\355\000c\000h\000\040\000-\000\040\000C\000\341\000c\000\040\001\021\036\313\000n\000h\000\040\000l\000\375}{}% 50
\BOOKMARK [2][-]{subsection.3.1}{\376\377\000P\000h\001\260\001\241\000n\000g\000\040\000p\000h\000\341\000p\000\040\000d\000\362\000n\000g\000\040\001\021\000i\036\307\000n\000\040\000n\000h\000\341\000n\000h}{section.3}% 51
\BOOKMARK [2][-]{subsection.3.2}{\376\377\000P\000h\001\260\001\241\000n\000g\000\040\000p\000h\000\341\000p\000\040\001\021\000i\036\307\000n\000\040\000t\000h\036\277\000\040\000n\000\372\000t}{section.3}% 52
\BOOKMARK [2][-]{subsection.3.3}{\376\377\000P\000h\001\260\001\241\000n\000g\000\040\000p\000h\000\341\000p\000\040\000d\000\362\000n\000g\000\040\000m\036\257\000t\000\040\000l\001\260\036\333\000i}{section.3}% 53
\BOOKMARK [2][-]{subsection.3.4}{\376\377\000M\036\241\000c\000h\000\040\001\021\000i\036\307\000n\000\040\000c\000\363\000\040\000g\000h\000\351\000p\000\040\000h\036\327\000\040\000c\036\243\000m}{section.3}% 54
\BOOKMARK [2][-]{subsection.3.5}{\376\377\000M\036\241\000c\000h\000\040\000c\000\363\000\040\000k\000h\000u\036\277\000c\000h\000\040\001\021\036\241\000i\000\040\000t\000h\000u\036\255\000t\000\040\000t\000o\000\341\000n}{section.3}% 55
\BOOKMARK [2][-]{subsection.3.6}{\376\377\000C\000\341\000c\000\040\001\021\036\313\000n\000h\000\040\000l\000\375\000\040\000m\036\241\000c\000h}{section.3}% 56
\BOOKMARK [2][-]{subsection.3.7}{\376\377\000M\036\241\000c\000h\000\040\0003\000\040\000p\000h\000a}{section.3}% 57
