\BOOKMARK [1][-]{section.1}{\376\377\000H\036\306\000\040\000T\000H\036\320\000N\000G\000\040\000S\036\320\000\040\001\020\036\276\000M\000\040\000-\000\040\000S\036\320\000\040\000N\000H\036\312\000\040\000P\000H\000\302\000N}{}% 1
\BOOKMARK [2][-]{subsection.1.1}{\376\377\000C\000\341\000c\000\040\000h\036\307\000\040\000t\000h\036\321\000n\000g\000\040\000s\036\321\000\040\001\021\036\277\000m\000:}{section.1}% 2
\BOOKMARK [3][-]{subsubsection.1.1.1}{\376\377\000K\000h\000\341\000i\000\040\000n\000i\036\307\000m\000:}{subsection.1.1}% 3
\BOOKMARK [3][-]{subsubsection.1.1.2}{\376\377\000C\000h\000u\000y\036\303\000n\000\040\001\021\036\325\000i\000\040\000c\001\241\000\040\000s\036\321\000:}{subsection.1.1}% 4
\BOOKMARK [2][-]{subsection.1.2}{\376\377\000S\036\321\000\040\000n\000h\036\313\000\040\000p\000h\000\342\000n\000\040\000\050\000B\000i\000n\000a\000r\000y\000\051\000:}{section.1}% 5
\BOOKMARK [3][-]{subsubsection.1.2.1}{\376\377\000C\000\341\000c\000\040\000t\000\355\000n\000h\000\040\000c\000h\036\245\000t\000\040\000c\036\347\000a\000\040\000s\036\321\000\040\000n\000h\036\313\000\040\000p\000h\000\342\000n}{subsection.1.2}% 6
\BOOKMARK [3][-]{subsubsection.1.2.2}{\376\377\000C\000\341\000c\000\040\000p\000h\000\351\000p\000\040\000t\000o\000\341\000n\000\040\000s\036\321\000\040\000h\036\315\000c\000\040\000t\000r\000\352\000n\000\040\000s\036\321\000\040\000n\000h\036\313\000\040\000p\000h\000\342\000n\000:}{subsection.1.2}% 7
\BOOKMARK [3][-]{subsubsection.1.2.3}{\376\377\000M\000\343\000\040\000n\000h\036\313\000\040\000p\000h\000\342\000n\000:}{subsection.1.2}% 8
\BOOKMARK [2][-]{subsection.1.3}{\376\377\000S\036\321\000\040\000n\000h\036\313\000\040\000p\000h\000\342\000n\000\040\000c\000\363\000\040\000d\036\245\000u\000:}{section.1}% 9
\BOOKMARK [3][-]{subsubsection.1.3.1}{\376\377\000B\000i\036\303\000u\000\040\000d\000i\036\305\000n\000\040\000s\036\321\000\040\000c\000\363\000\040\000d\036\245\000u\000:}{subsection.1.3}% 10
\BOOKMARK [3][-]{subsubsection.1.3.2}{\376\377\000S\036\321\000\040\000b\000\371\000\040\0001\000\040\000\050\0001\000'\000s\000\040\000C\000o\000m\000p\000l\000e\000m\000e\000n\000t\000\051\000:}{subsection.1.3}% 11
\BOOKMARK [3][-]{subsubsection.1.3.3}{\376\377\000S\036\321\000\040\000b\000\371\000\040\0002\000\040\000\050\0002\000'\000s\000\040\000C\000o\000m\000p\000l\000e\000m\000e\000n\000t\000\051\000:}{subsection.1.3}% 12
\BOOKMARK [3][-]{subsubsection.1.3.4}{\376\377\000C\000\341\000c\000\040\000p\000h\000\351\000p\000\040\000t\000o\000\341\000n\000\040\000c\036\331\000n\000g\000\040\000t\000r\036\353\000\040\000s\036\321\000\040\000c\000\363\000\040\000d\036\245\000u\000:}{subsection.1.3}% 13
\BOOKMARK [2][-]{subsection.1.4}{\376\377\000C\036\331\000n\000g\000\040\000t\000r\036\353\000\040\000s\036\321\000\040\000B\000C\000D\000:}{section.1}% 14
\BOOKMARK [1][-]{section.2}{\376\377\001\020\036\240\000I\000\040\000S\036\320\000\040\000B\000O\000O\000L\000E\000\040\000-\000\040\000C\036\324\000N\000G\000\040\000L\000O\000G\000I\000C}{}% 15
\BOOKMARK [2][-]{subsection.2.1}{\376\377\000C\036\245\000u\000\040\000t\000r\000\372\000c\000\040\001\021\036\241\000i\000\040\000s\036\321\000\040\000B\000o\000o\000l\000e\000:}{section.2}% 16
\BOOKMARK [3][-]{subsubsection.2.1.1}{\376\377\000C\000\341\000c\000\040\000t\000i\000\352\000n\000\040\001\021\036\301\000\040\000\050\000A\000x\000i\000o\000m\000s\000\051\000:}{subsection.2.1}% 17
\BOOKMARK [3][-]{subsubsection.2.1.2}{\376\377\000C\000\341\000c\000\040\001\021\036\313\000n\000h\000\040\000l\000\375\000\040\000c\001\241\000\040\000b\036\243\000n\000\040\000\050\000B\000a\000s\000i\000c\000\040\000T\000h\000e\000o\000r\000e\000m\000s\000\051\000:}{subsection.2.1}% 18
\BOOKMARK [2][-]{subsection.2.2}{\376\377\000H\000\340\000m\000\040\000B\000o\000o\000l\000e\000\040\000\050\000B\000o\000o\000l\000e\000a\000n\000\040\000F\000u\000n\000c\000t\000i\000o\000n\000\051\000:}{section.2}% 19
\BOOKMARK [3][-]{subsubsection.2.2.1}{\376\377\001\020\036\313\000n\000h\000\040\000n\000g\000h\001\051\000a\000:}{subsection.2.2}% 20
\BOOKMARK [3][-]{subsubsection.2.2.2}{\376\377\000B\000\371\000\040\000c\036\347\000a\000\040\0001\000\040\000h\000\340\000m\000:}{subsection.2.2}% 21
\BOOKMARK [2][-]{subsection.2.3}{\376\377\000D\036\241\000n\000g\000\040\000c\000h\000\355\000n\000h\000\040\000t\036\257\000c\000\040\000v\000\340\000\040\000d\036\241\000n\000g\000\040\000c\000h\000u\036\251\000n\000\040\000c\036\347\000a\000\040\000h\000\340\000m\000\040\000B\000o\000o\000l\000e\000:}{section.2}% 22
\BOOKMARK [3][-]{subsubsection.2.3.1}{\376\377\000C\000\341\000c\000\040\000t\000\355\000c\000h\000\040\000c\000h\000u\036\251\000n\000\040\000\050\000m\000i\000n\000t\000e\000r\000m\000\051\000\040\000v\000\340\000\040\000t\036\325\000n\000g\000\040\000c\000h\000u\036\251\000n\000\040\000\050\000M\000a\000x\000t\000e\000r\000m\000\051\000:}{subsection.2.3}% 23
\BOOKMARK [3][-]{subsubsection.2.3.2}{\376\377\000D\036\241\000n\000g\000\040\000c\000h\000\355\000n\000h\000\040\000t\036\257\000c\000\040\000\050\000C\000a\000n\000o\000n\000i\000c\000a\000l\000\040\000F\000o\000r\000m\000\051\000:}{subsection.2.3}% 24
\BOOKMARK [3][-]{subsubsection.2.3.3}{\376\377\000D\036\241\000n\000g\000\040\000c\000h\000u\036\251\000n\000\040\000\050\000S\000t\000a\000n\000d\000a\000r\000d\000\040\000F\000o\000r\000m\000\051\000:}{subsection.2.3}% 25
\BOOKMARK [2][-]{subsection.2.4}{\376\377\000C\036\325\000n\000g\000\040\000l\000o\000g\000i\000c}{section.2}% 26
\BOOKMARK [3][-]{subsubsection.2.4.1}{\376\377\000C\036\325\000n\000g\000\040\000N\000O\000T\000:}{subsection.2.4}% 27
\BOOKMARK [3][-]{subsubsection.2.4.2}{\376\377\000C\036\325\000n\000g\000\040\000A\000N\000D\000:}{subsection.2.4}% 28
\BOOKMARK [3][-]{subsubsection.2.4.3}{\376\377\000C\036\325\000n\000g\000\040\000O\000R\000:}{subsection.2.4}% 29
\BOOKMARK [3][-]{subsubsection.2.4.4}{\376\377\000C\036\325\000n\000g\000\040\000N\000A\000N\000D\000:}{subsection.2.4}% 30
\BOOKMARK [3][-]{subsubsection.2.4.5}{\376\377\000C\036\325\000n\000g\000\040\000N\000O\000R\000:}{subsection.2.4}% 31
\BOOKMARK [3][-]{subsubsection.2.4.6}{\376\377\000C\036\325\000n\000g\000\040\000X\000O\000R\000:}{subsection.2.4}% 32
\BOOKMARK [3][-]{subsubsection.2.4.7}{\376\377\000C\036\325\000n\000g\000\040\000X\000N\000O\000R\000:}{subsection.2.4}% 33
\BOOKMARK [2][-]{subsection.2.5}{\376\377\000R\000\372\000t\000\040\000g\036\315\000n\000\040\000h\000\340\000m\000\040\000B\000o\000o\000l\000e\000:}{section.2}% 34
\BOOKMARK [3][-]{subsubsection.2.5.1}{\376\377\000P\000h\001\260\001\241\000n\000g\000\040\000p\000h\000\341\000p\000\040\001\021\036\241\000i\000\040\000s\036\321\000:}{subsection.2.5}% 35
\BOOKMARK [3][-]{subsubsection.2.5.2}{\376\377\000P\000h\001\260\001\241\000n\000g\000\040\000p\000h\000\341\000p\000\040\000b\000\354\000a\000\040\000K\000A\000R\000N\000A\000U\000G\000H\000:}{subsection.2.5}% 36
\BOOKMARK [2][-]{subsection.2.6}{\376\377\000T\000h\036\361\000c\000\040\000h\000i\036\307\000n\000\040\000h\000\340\000m\000\040\000B\000o\000o\000l\000e\000\040\000b\036\261\000n\000g\000\040\000c\036\325\000n\000g\000\040\000l\000o\000g\000i\000c\000:}{section.2}% 37
\BOOKMARK [3][-]{subsubsection.2.6.1}{\376\377\000C\036\245\000u\000\040\000t\000r\000\372\000c\000\040\000c\036\325\000n\000g\000\040\000A\000N\000D\000\137\000O\000R\000:}{subsection.2.6}% 38
\BOOKMARK [3][-]{subsubsection.2.6.2}{\376\377\000C\036\245\000u\000\040\000t\000r\000\372\000c\000\040\000c\036\325\000n\000g\000\040\000O\000R\000\137\000A\000N\000D\000:}{subsection.2.6}% 39
\BOOKMARK [3][-]{subsubsection.2.6.3}{\376\377\000C\036\245\000u\000\040\000t\000r\000\372\000c\000\040\000c\036\325\000n\000g\000\040\000A\000N\000D\000\137\000O\000R\000\137\000I\000N\000V\000E\000R\000T\000E\000R\000\040\000\050\000A\000O\000I\000\051\000:}{subsection.2.6}% 40
\BOOKMARK [3][-]{subsubsection.2.6.4}{\376\377\000C\036\245\000u\000\040\000t\000r\000\372\000c\000\040\000c\036\325\000n\000g\000\040\000O\000R\000\137\000A\000N\000D\000\137\000I\000N\000V\000E\000R\000T\000E\000R\000\040\000\050\000O\000A\000I\000\051\000:}{subsection.2.6}% 41
\BOOKMARK [3][-]{subsubsection.2.6.5}{\376\377\000C\036\245\000u\000\040\000t\000r\000\372\000c\000\040\000t\000o\000\340\000n\000\040\000c\036\325\000n\000g\000\040\000N\000A\000N\000D\000:}{subsection.2.6}% 42
\BOOKMARK [3][-]{subsubsection.2.6.6}{\376\377\000C\036\245\000u\000\040\000t\000r\000\372\000c\000\040\000t\000o\000\340\000n\000\040\000c\036\325\000n\000g\000\040\000N\000O\000R\000:}{subsection.2.6}% 43
\BOOKMARK [1][-]{section.3}{\376\377\000H\036\306\000\040\000T\036\324\000\040\000H\036\342\000P}{}% 44
\BOOKMARK [2][-]{subsection.3.1}{\376\377\000G\000i\036\333\000i\000\040\000t\000h\000i\036\307\000u\000\040\000-\000\040\000C\000\341\000c\000h\000\040\000t\000h\000i\036\277\000t\000\040\000k\036\277\000\040\000h\036\307\000\040\000t\036\325\000\040\000h\036\343\000p\000:}{section.3}% 45
\BOOKMARK [2][-]{subsection.3.2}{\376\377\000B\036\331\000\040\000c\036\331\000n\000g\000\040\000-\000\040\000t\000r\036\353\000\040\000n\000h\036\313\000\040\000p\000h\000\342\000n\000:}{section.3}% 46
\BOOKMARK [3][-]{subsubsection.3.2.1}{\376\377\000B\036\331\000\040\000c\036\331\000n\000g\000\040\000\050\000A\000d\000d\000e\000r\000\051\000:}{subsection.3.2}% 47
\BOOKMARK [3][-]{subsubsection.3.2.2}{\376\377\000B\036\331\000\040\000t\000r\036\353\000\040\000\050\000S\000u\000b\000t\000r\000a\000c\000t\000o\000r\000\051\000:}{subsection.3.2}% 48
\BOOKMARK [3][-]{subsubsection.3.2.3}{\376\377\000B\036\331\000\040\000c\036\331\000n\000g\000/\000t\000r\036\353\000\040\000n\000h\036\313\000\040\000p\000h\000\342\000n\000\040\000s\000o\000n\000g\000\040\000s\000o\000n\000g\000:}{subsection.3.2}% 49
\BOOKMARK [2][-]{subsection.3.3}{\376\377\000H\036\307\000\040\000c\000h\000u\000y\036\303\000n\000\040\000m\000\343\000\040\000\050\000C\000o\000d\000e\000\040\000c\000o\000n\000v\000e\000r\000s\000i\000o\000n\000\051\000:}{section.3}% 50
\BOOKMARK [2][-]{subsection.3.4}{\376\377\000B\036\331\000\040\000g\000i\036\243\000i\000\040\000m\000\343\000\040\000\050\000D\000e\000c\000o\000d\000e\000r\000\051\000:}{section.3}% 51
\BOOKMARK [3][-]{subsubsection.3.4.1}{\376\377\000G\000i\036\333\000i\000\040\000t\000h\000i\036\307\000u\000:}{subsection.3.4}% 52
\BOOKMARK [3][-]{subsubsection.3.4.2}{\376\377\000I\000C\000\040\000g\000i\036\243\000i\000\040\000m\000\343\000:}{subsection.3.4}% 53
\BOOKMARK [3][-]{subsubsection.3.4.3}{\376\377\000S\036\355\000\040\000d\036\345\000n\000g\000\040\000b\036\331\000\040\000g\000i\036\243\000i\000\040\000m\000\343\000\040\000t\000h\036\361\000c\000\040\000h\000i\036\307\000n\000\040\000h\000\340\000m\000\040\000B\000o\000o\000l\000e\000:}{subsection.3.4}% 54
\BOOKMARK [2][-]{subsection.3.5}{\376\377\000B\036\331\000\040\000m\000\343\000\040\000h\000\363\000a\000\040\000\050\000E\000n\000c\000o\000d\000e\000r\000\051\000:}{section.3}% 55
\BOOKMARK [3][-]{subsubsection.3.5.1}{\376\377\000G\000i\036\333\000i\000\040\000t\000h\000i\036\307\000u\000:}{subsection.3.5}% 56
\BOOKMARK [3][-]{subsubsection.3.5.2}{\376\377\000I\000C\000\040\000m\000\343\000\040\000h\000\363\000a\000\040\001\260\000u\000\040\000t\000i\000\352\000n\000\040\0008\000\040\0003\000\040\000\050\0007\0004\0001\0004\0008\000\051\000:}{subsection.3.5}% 57
\BOOKMARK [2][-]{subsection.3.6}{\376\377\000B\036\331\000\040\000d\036\323\000n\000\040\000k\000\352\000n\000h\000\040\000\050\000M\000u\000l\000t\000i\000p\000l\000e\000x\000e\000r\000\040\000-\000\040\000M\000U\000X\000\051\000:}{section.3}% 58
\BOOKMARK [3][-]{subsubsection.3.6.1}{\376\377\000G\000i\036\333\000i\000\040\000t\000h\000i\036\307\000u\000:}{subsection.3.6}% 59
\BOOKMARK [3][-]{subsubsection.3.6.2}{\376\377\000I\000C\000\040\000d\036\323\000n\000\040\000k\000\352\000n\000h\000:}{subsection.3.6}% 60
\BOOKMARK [3][-]{subsubsection.3.6.3}{\376\377\000S\036\355\000\040\000d\036\345\000n\000g\000\040\000b\036\331\000\040\000M\000U\000X\000\040\000t\000h\036\361\000c\000\040\000h\000i\036\307\000n\000\040\000h\000\340\000m\000\040\000B\000o\000o\000l\000e\000:}{subsection.3.6}% 61
\BOOKMARK [2][-]{subsection.3.7}{\376\377\000B\036\331\000\040\000o\000h\000a\000a\000n\000\040\000k\000\352\000n\000h\000\040\000\050\000D\000e\000m\000u\000x\000\051\000:}{section.3}% 62
\BOOKMARK [3][-]{subsubsection.3.7.1}{\376\377\000G\000i\036\333\000i\000\040\000t\000h\000i\036\307\000u\000:}{subsection.3.7}% 63
\BOOKMARK [3][-]{subsubsection.3.7.2}{\376\377\000I\000C\000\040\000p\000h\000\342\000n\000\040\000k\000\352\000n\000h\000\040\0007\0004\000L\000S\0001\0005\0005\000:}{subsection.3.7}% 64
\BOOKMARK [2][-]{subsection.3.8}{\376\377\000B\036\331\000\040\000s\000o\000\040\000s\000\341\000n\000h\000\040\001\021\036\331\000\040\000l\036\333\000n\000\040\000\050\000C\000o\000m\000p\000a\000r\000a\000t\000o\000r\000\051\000:}{section.3}% 65
\BOOKMARK [3][-]{subsubsection.3.8.1}{\376\377\000G\000i\036\333\000i\000\040\000t\000h\000i\036\307\000u\000:}{subsection.3.8}% 66
\BOOKMARK [3][-]{subsubsection.3.8.2}{\376\377\000I\000C\000\040\000s\000o\000\040\000s\000\341\000n\000h\000\040\0007\0004\000L\000S\0008\0005\000:}{subsection.3.8}% 67
