\BOOKMARK [1][-]{section.1}{\376\377\000C\001\240\000\040\000S\036\336\000\040\000L\000\335\000\040\000T\000H\000U\000Y\036\276\000T}{}% 1
\BOOKMARK [2][-]{subsection.1.1}{\376\377\000C\000\341\000c\000\040\001\021\036\267\000c\000\040\000t\000r\001\260\000n\000g\000\040\000c\036\347\000a\000\040\000v\000e\000c\000t\000o\000r\000\040\000n\000g\036\253\000u\000\040\000n\000h\000i\000\352\000n}{section.1}% 2
\BOOKMARK [3][-]{subsubsection.1.1.1}{\376\377\001\020\036\313\000n\000h\000\040\000n\000g\000h\001\051\000a}{subsection.1.1}% 3
\BOOKMARK [3][-]{subsubsection.1.1.2}{\376\377\000K\036\363\000\040\000v\036\315\000n\000g}{subsection.1.1}% 4
\BOOKMARK [3][-]{subsubsection.1.1.3}{\376\377\000P\000h\001\260\001\241\000n\000g\000\040\000s\000a\000i}{subsection.1.1}% 5
\BOOKMARK [3][-]{subsubsection.1.1.4}{\376\377\001\020\036\331\000\040\000l\036\307\000c\000h\000\040\000c\000h\000u\036\251\000n}{subsection.1.1}% 6
\BOOKMARK [3][-]{subsubsection.1.1.5}{\376\377\000M\000a\000\040\000t\000r\036\255\000n\000\040\000h\000i\036\307\000p\000\040\000p\000h\001\260\001\241\000n\000g\000\040\000s\000a\000i}{subsection.1.1}% 7
\BOOKMARK [3][-]{subsubsection.1.1.6}{\376\377\000V\000e\000c\000t\000o\000\040\000r\000i\000\352\000n\000g}{subsection.1.1}% 8
\BOOKMARK [3][-]{subsubsection.1.1.7}{\376\377\000D\036\357\000\040\000l\000i\036\307\000u\000\040\000v\000\340\000\040\000C\000h\000i\036\301\000u\000\040\000d\036\357\000\040\000l\000i\036\307\000u}{subsection.1.1}% 9
\BOOKMARK [2][-]{subsection.1.2}{\376\377\036\350\000n\000g\000\040\000d\036\345\000n\000g\000\040\000p\000h\000\342\000n\000\040\000t\000\355\000c\000h\000\040\000P\000C\000A\000\040\001\021\036\303\000\040\000n\000h\036\255\000n\000\040\000d\000i\036\307\000n\000\040\000k\000h\000u\000\364\000n\000\040\000m\036\267\000t}{section.1}% 10
\BOOKMARK [3][-]{subsubsection.1.2.1}{\376\377\000G\000i\036\333\000i\000\040\000t\000h\000i\036\307\000u\000\040\000v\036\301\000\040\000P\000C\000A}{subsection.1.2}% 11
\BOOKMARK [3][-]{subsubsection.1.2.2}{\376\377\000M\036\345\000c\000\040\001\021\000\355\000c\000h\000\040\000c\036\347\000a\000\040\000p\000h\000\342\000n\000\040\000t\000\355\000c\000h\000\040\000P\000C\000A}{subsection.1.2}% 12
\BOOKMARK [3][-]{subsubsection.1.2.3}{\376\377\036\350\000n\000g\000\040\000d\036\345\000n\000g\000\040\000c\036\347\000a\000\040\000P\000C\000A\000\040\000t\000r\000o\000n\000g\000\040\000n\000h\036\255\000n\000\040\000d\000i\036\307\000n\000\040\000k\000h\000u\000\364\000n\000\040\000m\036\267\000t}{subsection.1.2}% 13
\BOOKMARK [3][-]{subsubsection.1.2.4}{\376\377\001\257\000u\000\040\001\021\000i\036\303\000m\000\040\000c\036\347\000a\000\040\000P\000C\000A}{subsection.1.2}% 14
\BOOKMARK [3][-]{subsubsection.1.2.5}{\376\377\000N\000h\001\260\036\343\000c\000\040\001\021\000i\036\303\000m\000\040\000c\036\347\000a\000\040\000P\000C\000A}{subsection.1.2}% 15
\BOOKMARK [1][-]{section.2}{\376\377\000T\000H\000U\036\254\000T\000\040\000T\000O\000\301\000N\000\040\000V\000\300\000\040\000C\000O\000D\000E\000\040\000M\000A\000T\000L\000A\000B\000\040\000T\000R\000O\000N\000G\000\040\000P\000H\000\302\000N\000\040\000T\000\315\000C\000H\000\040\000P\000C\000A\000\040\001\020\036\302\000\040\000N\000H\036\254\000N\000\040\000D\000I\036\306\000N\000\040\000K\000H\000U\000\324\000N\000\040\000M\036\266\000T}{}% 16
\BOOKMARK [2][-]{subsection.2.1}{\376\377\000M\036\331\000t\000\040\000s\036\321\000\040\000l\036\307\000n\000h\000\040\000c\001\241\000\040\000b\036\243\000n\000\040\001\021\001\260\036\343\000c\000\040\000s\036\355\000\040\000d\036\345\000n\000g}{section.2}% 17
\BOOKMARK [2][-]{subsection.2.2}{\376\377\001\020\000o\036\241\000n\000\040\000c\000o\000d\000e\000\040\000s\036\355\000\040\000d\036\345\000n\000g\000\040\000t\000r\000o\000n\000g\000\040\000m\000a\000t\000l\000a\000b}{section.2}% 18
\BOOKMARK [2][-]{subsection.2.3}{\376\377\000V\000\355\000\040\000d\036\345\000\040\000m\000i\000n\000h\000\040\000h\036\315\000a}{section.2}% 19
\BOOKMARK [1][-]{section.3}{\376\377\000K\036\276\000T\000\040\000L\000U\036\254\000N}{}% 20
\BOOKMARK [1][-]{section.4}{\376\377\000T\000\300\000I\000\040\000L\000I\036\306\000U\000\040\000T\000H\000A\000M\000\040\000K\000H\036\242\000O}{}% 21
